2025.11.16 14:23:57 INFO  Started: Metals version 1.6.3 in folders '/Users/wendai/Desktop/mini-feature-store' for client Cursor 1.99.3.
2025.11.16 14:23:57 WARN  Using H2 2.4.240 which is newer than the version Flyway has been verified with. The latest verified version of H2 is 2.3.232.
Nov 16, 2025 2:24:11 PM org.eclipse.lsp4j.jsonrpc.services.GenericEndpoint notify
INFO: Unsupported notification method: $/setTrace
2025.11.16 14:24:15 WARN  no build target for: /Users/wendai/Desktop/mini-feature-store/spark/src/main/scala/platform/Fetchers.scala
2025.11.16 14:24:15 INFO  no build target found for /Users/wendai/Desktop/mini-feature-store/spark/src/main/scala/platform/Fetchers.scala. Using presentation compiler with project's scala-library version: 3.3.6
2025.11.16 14:24:15 INFO  no build target found for /Users/wendai/Desktop/mini-feature-store/spark/src/main/scala/platform/Fetchers.scala. Using presentation compiler with project's scala-library version: 3.3.6
2025.11.16 14:24:18 INFO  no build target found for /Users/wendai/Desktop/mini-feature-store/spark/src/main/scala/platform/Fetchers.scala. Using presentation compiler with project's scala-library version: 3.3.6
2025.11.16 14:24:18 INFO  no build target found for /Users/wendai/Desktop/mini-feature-store/spark/src/main/scala/platform/Fetchers.scala. Using presentation compiler with project's scala-library version: 3.3.6
2025.11.16 14:24:18 INFO  no build target found for /Users/wendai/Desktop/mini-feature-store/spark/src/main/scala/platform/Fetchers.scala. Using presentation compiler with project's scala-library version: 3.3.6
2025.11.16 14:24:18 INFO  no build target found for /Users/wendai/Desktop/mini-feature-store/spark/src/main/scala/platform/Fetchers.scala. Using presentation compiler with project's scala-library version: 3.3.6
2025.11.16 14:24:20 INFO  no build target found for /Users/wendai/Desktop/mini-feature-store/spark/src/main/scala/platform/Fetchers.scala. Using presentation compiler with project's scala-library version: 3.3.6
2025.11.16 14:25:56 INFO  no build target found for /Users/wendai/Desktop/mini-feature-store/spark/src/main/scala/platform/Fetchers.scala. Using presentation compiler with project's scala-library version: 3.3.6
2025.11.16 14:26:24 INFO  no build target found for /Users/wendai/Desktop/mini-feature-store/spark/src/main/scala/platform/PlatformProvider.scala. Using presentation compiler with project's scala-library version: 3.3.6
2025.11.16 14:26:52 INFO  no build target found for /Users/wendai/Desktop/mini-feature-store/spark/src/main/scala/platform/PlatformProvider.scala. Using presentation compiler with project's scala-library version: 3.3.6
2025.11.16 14:26:52 INFO  no build target found for /Users/wendai/Desktop/mini-feature-store/spark/src/main/scala/platform/SparkPlatform.scala. Using presentation compiler with project's scala-library version: 3.3.6
2025.11.16 14:33:12 INFO  no build target found for /Users/wendai/Desktop/mini-feature-store/spark/src/main/scala/platform/SparkPlatform.scala. Using presentation compiler with project's scala-library version: 3.3.6
2025.11.16 14:33:12 INFO  no build target found for /Users/wendai/Desktop/mini-feature-store/spark/src/main/scala/platform/Writers.scala. Using presentation compiler with project's scala-library version: 3.3.6
2025.11.16 14:33:28 INFO  no build target found for /Users/wendai/Desktop/mini-feature-store/spark/src/main/scala/platform/Writers.scala. Using presentation compiler with project's scala-library version: 3.3.6
2025.11.16 14:33:29 INFO  no build target found for /Users/wendai/Desktop/mini-feature-store/spark/src/main/scala/platform/Writers.scala. Using presentation compiler with project's scala-library version: 3.3.6
2025.11.16 14:33:29 INFO  no build target found for /Users/wendai/Desktop/mini-feature-store/spark/src/main/scala/platform/Writers.scala. Using presentation compiler with project's scala-library version: 3.3.6
Exception in thread "pool-18-thread-1" java.lang.InterruptedException
	at scala.meta.internal.metals.FutureCancelToken.checkCanceled(FutureCancelToken.scala:29)
	at scala.meta.internal.pc.CompilerAccess.onCompilerJobQueue$$anonfun$1(CompilerAccess.scala:244)
	at scala.meta.internal.pc.CompilerJobQueue$Job.run(CompilerJobQueue.scala:153)
	at java.base/java.util.concurrent.ThreadPoolExecutor.runWorker(ThreadPoolExecutor.java:1136)
	at java.base/java.util.concurrent.ThreadPoolExecutor$Worker.run(ThreadPoolExecutor.java:635)
	at java.base/java.lang.Thread.run(Thread.java:840)
2025.11.16 14:33:29 INFO  no build target found for /Users/wendai/Desktop/mini-feature-store/spark/src/main/scala/platform/Writers.scala. Using presentation compiler with project's scala-library version: 3.3.6
2025.11.16 14:33:29 INFO  no build target found for /Users/wendai/Desktop/mini-feature-store/spark/src/main/scala/platform/Writers.scala. Using presentation compiler with project's scala-library version: 3.3.6
2025.11.16 14:33:31 INFO  no build target found for /Users/wendai/Desktop/mini-feature-store/spark/src/main/scala/platform/Writers.scala. Using presentation compiler with project's scala-library version: 3.3.6
2025.11.16 14:33:31 INFO  no build target found for /Users/wendai/Desktop/mini-feature-store/spark/src/main/scala/platform/SparkPlatformTrait.scala. Using presentation compiler with project's scala-library version: 3.3.6
2025.11.16 14:33:31 INFO  no build target found for /Users/wendai/Desktop/mini-feature-store/spark/src/main/scala/platform/SparkPlatformTrait.scala. Using presentation compiler with project's scala-library version: 3.3.6
2025.11.16 14:33:32 INFO  no build target found for /Users/wendai/Desktop/mini-feature-store/spark/src/main/scala/platform/SparkPlatform.scala. Using presentation compiler with project's scala-library version: 3.3.6
2025.11.16 14:33:33 INFO  no build target found for /Users/wendai/Desktop/mini-feature-store/spark/src/main/scala/platform/SparkPlatform.scala. Using presentation compiler with project's scala-library version: 3.3.6
2025.11.16 14:33:33 INFO  no build target found for /Users/wendai/Desktop/mini-feature-store/spark/src/main/scala/platform/PlatformProvider.scala. Using presentation compiler with project's scala-library version: 3.3.6
2025.11.16 14:40:36 INFO  no build target found for /Users/wendai/Desktop/mini-feature-store/spark/src/main/scala/platform/PlatformProvider.scala. Using presentation compiler with project's scala-library version: 3.3.6
2025.11.16 14:40:36 INFO  no build target found for /Users/wendai/Desktop/mini-feature-store/spark/src/main/scala/platform/SparkPlatform.scala. Using presentation compiler with project's scala-library version: 3.3.6
2025.11.16 14:40:43 INFO  no build target found for /Users/wendai/Desktop/mini-feature-store/spark/src/main/scala/platform/SparkPlatform.scala. Using presentation compiler with project's scala-library version: 3.3.6
2025.11.16 14:40:43 INFO  no build target found for /Users/wendai/Desktop/mini-feature-store/spark/src/main/scala/platform/PlatformProvider.scala. Using presentation compiler with project's scala-library version: 3.3.6
2025.11.16 14:40:50 WARN  no build target for: /Users/wendai/Desktop/mini-feature-store/spark/src/main/scala/platform/Fetchers.scala
2025.11.16 14:40:50 INFO  no build target found for /Users/wendai/Desktop/mini-feature-store/spark/src/main/scala/platform/Fetchers.scala. Using presentation compiler with project's scala-library version: 3.3.6
2025.11.16 14:40:56 INFO  no build target found for /Users/wendai/Desktop/mini-feature-store/spark/src/main/scala/platform/PlatformProvider.scala. Using presentation compiler with project's scala-library version: 3.3.6
2025.11.16 14:40:56 INFO  no build target found for /Users/wendai/Desktop/mini-feature-store/spark/src/main/scala/platform/Writers.scala. Using presentation compiler with project's scala-library version: 3.3.6
2025.11.16 14:40:57 WARN  no build target for: /Users/wendai/Desktop/mini-feature-store/spark/src/main/scala/platform/Fetchers.scala
2025.11.16 14:40:57 INFO  no build target found for /Users/wendai/Desktop/mini-feature-store/spark/src/main/scala/platform/Fetchers.scala. Using presentation compiler with project's scala-library version: 3.3.6
2025.11.16 14:42:24 INFO  no build target found for /Users/wendai/Desktop/mini-feature-store/spark/src/main/scala/platform/Writers.scala. Using presentation compiler with project's scala-library version: 3.3.6
2025.11.16 14:42:24 INFO  no build target found for /Users/wendai/Desktop/mini-feature-store/spark/src/main/scala/platform/SparkPlatform.scala. Using presentation compiler with project's scala-library version: 3.3.6
2025.11.16 14:42:56 INFO  no build target found for /Users/wendai/Desktop/mini-feature-store/spark/src/main/scala/platform/SparkPlatform.scala. Using presentation compiler with project's scala-library version: 3.3.6
2025.11.16 14:42:56 INFO  no build target found for /Users/wendai/Desktop/mini-feature-store/spark/src/main/scala/platform/Writers.scala. Using presentation compiler with project's scala-library version: 3.3.6
